[0.010s] Invoking command in '/home/takrop/ros2_ws/build/laser_read': CMAKE_PREFIX_PATH=/home/takrop/ros2_ws/install/more_interfaces:/home/takrop/ros2_ws/install/laser_read:/opt/ros/foxy:/home/takrop/catkin_ws/devel:/opt/ros/noetic /usr/bin/cmake --build /home/takrop/ros2_ws/build/laser_read -- -j12 -l12
[0.038s] [35m[1mScanning dependencies of target lidar_subscriber[0m
[0.054s] [ 50%] [32mBuilding CXX object CMakeFiles/lidar_subscriber.dir/src/lidar_subscriber.cpp.o[0m
[0.822s] [01m[K/home/takrop/ros2_ws/src/laser_read/src/lidar_subscriber.cpp:[m[K In constructor ‚Äò[01m[Klaser_read::laser_read()[m[K‚Äô:
[0.822s] [01m[K/home/takrop/ros2_ws/src/laser_read/src/lidar_subscriber.cpp:13:11:[m[K [01;35m[Kwarning: [m[Kunused variable ‚Äò[01m[Knum1[m[K‚Äô [[01;35m[K-Wunused-variable[m[K]
[0.822s]    13 |       int [01;35m[Knum1[m[K, num2;
[0.822s]       |           [01;35m[K^~~~[m[K
[0.822s] [01m[K/home/takrop/ros2_ws/src/laser_read/src/lidar_subscriber.cpp:13:17:[m[K [01;35m[Kwarning: [m[Kunused variable ‚Äò[01m[Knum2[m[K‚Äô [[01;35m[K-Wunused-variable[m[K]
[0.822s]    13 |       int num1, [01;35m[Knum2[m[K;
[0.822s]       |                 [01;35m[K^~~~[m[K
[0.825s] In file included from [01m[K/opt/ros/foxy/include/rclcpp/client.hpp:40[m[K,
[0.825s]                  from [01m[K/opt/ros/foxy/include/rclcpp/callback_group.hpp:23[m[K,
[0.825s]                  from [01m[K/opt/ros/foxy/include/rclcpp/any_executable.hpp:20[m[K,
[0.825s]                  from [01m[K/opt/ros/foxy/include/rclcpp/memory_strategy.hpp:24[m[K,
[0.825s]                  from [01m[K/opt/ros/foxy/include/rclcpp/memory_strategies.hpp:18[m[K,
[0.825s]                  from [01m[K/opt/ros/foxy/include/rclcpp/executor_options.hpp:20[m[K,
[0.826s]                  from [01m[K/opt/ros/foxy/include/rclcpp/executor.hpp:33[m[K,
[0.826s]                  from [01m[K/opt/ros/foxy/include/rclcpp/executors/multi_threaded_executor.hpp:26[m[K,
[0.826s]                  from [01m[K/opt/ros/foxy/include/rclcpp/executors.hpp:21[m[K,
[0.826s]                  from [01m[K/opt/ros/foxy/include/rclcpp/rclcpp.hpp:146[m[K,
[0.826s]                  from [01m[K/home/takrop/ros2_ws/src/laser_read/src/lidar_subscriber.cpp:1[m[K:
[0.826s] [01m[K/home/takrop/ros2_ws/src/laser_read/src/lidar_subscriber.cpp:[m[K In member function ‚Äò[01m[Kvoid laser_read::lidar_callback(sensor_msgs::msg::LaserScan_<std::allocator<void> >::SharedPtr) const[m[K‚Äô:
[0.826s] [01m[K/home/takrop/ros2_ws/src/laser_read/src/lidar_subscriber.cpp:31:83:[m[K [01;31m[Kerror: [m[K‚Äò[01m[Knum1[m[K‚Äô was not declared in this scope
[0.826s]    31 |       RCLCPP_INFO(this->get_logger(), "[0th] = '%f' [100th] = '%f'", _msg->ranges[[01;31m[Knum1[m[K], _msg->ranges[num2]);
[0.826s]       |                                                                                   [01;31m[K^~~~[m[K
[0.826s] [01m[K/home/takrop/ros2_ws/src/laser_read/src/lidar_subscriber.cpp:31:103:[m[K [01;31m[Kerror: [m[K‚Äò[01m[Knum2[m[K‚Äô was not declared in this scope
[0.826s]    31 |       RCLCPP_INFO(this->get_logger(), "[0th] = '%f' [100th] = '%f'", _msg->ranges[num1], _msg->ranges[[01;31m[Knum2[m[K]);
[0.826s]       |                                                                                                       [01;31m[K^~~~[m[K
[0.829s] [01m[K/home/takrop/ros2_ws/src/laser_read/src/lidar_subscriber.cpp:[m[K In member function ‚Äò[01m[Kvoid laser_read::int1_callback(std_msgs::msg::Int32_<std::allocator<void> >::SharedPtr)[m[K‚Äô:
[0.829s] [01m[K/home/takrop/ros2_ws/src/laser_read/src/lidar_subscriber.cpp:35:7:[m[K [01;31m[Kerror: [m[K‚Äò[01m[Knum1[m[K‚Äô was not declared in this scope
[0.829s]    35 |       [01;31m[Knum1[m[K = msg->data; // Î∞õÏùÄ Îç∞Ïù¥ÌÑ∞Î•º ÌÅ¥ÎûòÏä§ Î≥ÄÏàòÏóê Ï†ÄÏû•
[0.829s]       |       [01;31m[K^~~~[m[K
[0.830s] [01m[K/home/takrop/ros2_ws/src/laser_read/src/lidar_subscriber.cpp:[m[K In member function ‚Äò[01m[Kvoid laser_read::int2_callback(std_msgs::msg::Int32_<std::allocator<void> >::SharedPtr)[m[K‚Äô:
[0.830s] [01m[K/home/takrop/ros2_ws/src/laser_read/src/lidar_subscriber.cpp:39:7:[m[K [01;31m[Kerror: [m[K‚Äò[01m[Knum2[m[K‚Äô was not declared in this scope
[0.830s]    39 |       [01;31m[Knum2[m[K = msg->data; // Î∞õÏùÄ Îç∞Ïù¥ÌÑ∞Î•º ÌÅ¥ÎûòÏä§ Î≥ÄÏàòÏóê Ï†ÄÏû•
[0.830s]       |       [01;31m[K^~~~[m[K
[1.979s] make[2]: *** [CMakeFiles/lidar_subscriber.dir/build.make:63: CMakeFiles/lidar_subscriber.dir/src/lidar_subscriber.cpp.o] Ïò§Î•ò 1
[1.979s] make[1]: *** [CMakeFiles/Makefile2:78: CMakeFiles/lidar_subscriber.dir/all] Ïò§Î•ò 2
[1.979s] make: *** [Makefile:141: all] Ïò§Î•ò 2
[1.982s] Invoked command in '/home/takrop/ros2_ws/build/laser_read' returned '2': CMAKE_PREFIX_PATH=/home/takrop/ros2_ws/install/more_interfaces:/home/takrop/ros2_ws/install/laser_read:/opt/ros/foxy:/home/takrop/catkin_ws/devel:/opt/ros/noetic /usr/bin/cmake --build /home/takrop/ros2_ws/build/laser_read -- -j12 -l12
